1
1
1
1
667207018
1
599513374
1
1
1
1
497217298
675245074
1
1
1
1
1
521086249
1
1
218927161
1
1
1
1
1
1
1
422681665
1
1
455857438
1
1
1
1
1
1
1
1
1
1
1
1
1
283089793
251023849
164996170
640564345
1
1
1
1
1
126715198
532434358
1
1
80313379
1
596864074
1
1
1
1
1
1
1
198059287
1
1
562054456
1
423108286
1
1
171607402
1
1
1
1
1
1
471180064
1
1
1
1
1
650199847
1
1
1
1
128475814
1
362888620
1
330361321
1
1
1
392338555
1
1
1
1
669927379
1
574669537
1
1
369707539
1
1
1
1
1
1
213071731
61319458
684364162
673500466
1
686481166
1
1
1
1
21288970
1
1
60739891
1
1
323482279
1
1
1
1
698141329
31149832
1
1
1
1
1
257047987
1
1
35299030
1
1
1
1
1
1
1
1
1
1
1
1
161629720
1
423129958
495362401
1
712782178
1
1
671847628
1
1
1
1
487022353
175422040
1
1
638001901
1
1
1
1
665163511
83059264
1
1
1
1
1
285231706
1
1
1
1
732253459
1
1
74476186
1
279126265
1
703888927
1
1
1
68495164
1
1
1
1
1
1
1
1
479865667
1
219345460
1
1
1
1
1
1
1
1
1
1
1
329746858
585912478
1
1
421185307
17333758
441815797
1
310366123
1
26555404
1
424354228
543690601
1
1
1
736656376
594696835
1
1
1
1
1
4180702
1
388874437
1
527860879
1
1
406110406
1
1
233227399
1
1
1
1
172206817
413492326
1
1
369060475
1
1
1
1
1
1
1
197326084
1
1
1
338477815
1
1
29300065
1
1
1
1
1
1
1
1
1
1
1
1
1
1
1
1
1
1
1
1
342709756
1
1
1
1
1
1
1
473953540
302028967
143823493
1
1
1
1
266874892
84944254
1
1
1
1
702590581
698860423
711164194
1
43291891
447934321
1
328885429
1
1
1
1
1
1
1
1
71405230
1
1
1
36801079
1
1
1
1
178339561
1
375663019
1
1
1
1
76986847
1
1
596598115
1
1
1
92632987
1
1
48947746
1
183305881
572079433
1
1
557439667
1
311048971
1
572406388
1
719077576
1
1
1
509742346
80678011
1
1
1
1
1
1
1
1
385416802
269400532
1
1
1
1
1
1
1
491834224
1
1
1
1
1
1
1
1
1
718660330
191548117
1
1
739509664
1
1
1
1
616902775
539073100
1
1
1
1
1
204054835
1
477835303
202302088
349662802
1
1
1
163643002
1
381443551
1
1
1
1
661324015
1
173256658
355620517
1
1
1
631947688
1
1
499052467
1
1
377053399
1
1
1
1
1
1
93095014
1
1
1
53374093
1
1
1
1
1
1
1
1
1
1
525556207
1
668531308
1
1
1
1
171071476
1
1
1
265825663
1
1
1
494703103
1
1
318337510
1
1
1
1
1
1
1
24395335
1
558094813
138351403
1
1
1
1
1
1
329632261
1
1
1
1
1
449408023
604999063
1
1
1
1
1
1
1
1
1
1
1
1
1
1
1
1
200795101
76238545
608948458
1
1
1
1
1
1
447653671
1
1
1
1
1
1
1
1
1
1
1
1
273041407
506820316
1
1
1
417864166
1
1
1
1
1
1
694745956
1
129544726
317168851
1
1
293925130
1
1
1
1
1
1
1
535201858
1
163782310
219215767
1
388956475
1
1
593348959
1
465272878
1
658335154
1
1
1
1
1
1
1
155370571
1
1
1
1
1
1
1
709811575
447851593
1
1
1
634231465
1
1
593079253
1
1
1
1
1
1
1
1
1
1
1
639218968
1
1
1
452206456
1
1
1
1
1
67748002
1
1
314974042
199583278
1
1
644035849
1
1
245515723
240311101
1
596121847
1
1
501581473
1
1
1
1
1
1
1
35910613
1
1
446560591
1
413135098
1
273154381
1
1
666384382
257661631
701650069
1
1
1
1
655834093
1
108240970
345103666
1
1
1
1
442796377
1
1
606408895
1
1
1
384448291
1
1
1
1
1
402614677
357966754
1
149868379
1
1
1
1
1
1
711890509
1
228033448
1
1
1
281431480
1
1
218432209
1
224988919
1
1
1
1
490955824
1
1
1
1
1
662546692
1
1
1
413511535
1
1
1
1
1
343750210
1
1
586302313
1
1
221445277
543728911
483126118
1
1
1
698271916
1
1
199652515
36111862
160138147
445927357
1
73124179
499086331
1
1
1
567599299
1
1
1
1
511659892
1
1
1
526565584
568024030
1
604061527
1
1
1
565577005
1
1
159580786
1
1
1
4289635
1
1
609428245
1
1
1
1
96375484
471020515
1
1
1
667597339
383046112
1
1
288519571
1
105912097
1
1
1
421047046
1
1
563839471
1
1
497625688
1
543153427
218377504
1
1
1
1
374676463
1
1
1
1
1
1
1
1
523106008
1
1
1
1
1
146430058
382079767
1
1
1
1
1
1
514455574
1
1
1
1
1
1
1
162354016
1
1
185678659
1
355243756
271364185
282269581
511016440
1
1
1
1
1
1
1
1
318215488
1
1
1
1
1
1
1
1
1
1
1
1
208283011
646514146
333950956
1
1
1
322824433
467746378
1
1
1
1
1
1
1
1
1
1
1
1
1
383466637
1
1
1
1
149033434
413786863
1
1
695826175
1
1
1
1
1
1
1
1
1
171515566
1
1
1
1
684805816
1
1
1
1
1
1
1
1
1
638368276
377531365
1
80203765
275864704
1
1
1
242109562
1
1
1
1
1
1
1
659126926
498579838
1
10494637
1
1
1
631972717
1
1
1
1
252994174
1
1
1
1
701397757
1
1
728184454
1
594456427
1
1
1
1
8885521
