4064725
2345904
361272
679565
406727
1673009
428196
463435
456771
1479907
723935
2111907
1263376
14061
140223
43452
905869
3107974
176659
512197
171835
584019
763058
1447861
111600
488339
55596
954762
1762449
3749791
1335689
213017
1151446
1087481
1086890
3377923
1349857
31745
894089
2266802
61381
669742
153602
38537
1190867
1392674
2565863
0
1006083
282688
1544416
788395
451448
1906726
6552
118992
2025562
510427
53623
651336
31873
212495
2926845
350749
428449
965079
202620
766878
492802
399591
2357742
249772
1189488
67850
173357
699007
1374633
18247
611728
172256
2223466
269410
307456
606614
2186334
21447
879260
738493
155628
46720
376565
1094537
736727
208599
241547
114198
1673650
96641
916158
4927196
3409389
1133037
99660
114382
1641681
340630
247439
267677
1119256
295557
1087936
322797
2113282
184121
343650
927908
133168
1221475
624086
1465956
148832
991220
32085
980886
3212260
864090
85287
1461846
1420949
339393
104146
556161
96362
1143727
3196220
203900
674907
795185
1424589
486630
360100
207873
110266
1626412
384110
211242
2812938
341516
1712102
80031
280119
3521420
17338
3462948
12148
671097
20211
0
142392
810111
1011088
62328
379452
28100
1576055
253368
306415
463207
335671
173225
3520556
2421723
132329
306623
1125016
445744
83994
682306
0
47852
85123
2147493
639288
25633
9944
460316
168531
237235
385039
1115202
438249
479263
176309
2099960
21892
686790
1195726
1052683
2269174
1590363
543154
197507
1637841
1709491
113149
484860
539926
686657
578123
952257
1978103
3149559
78203
682270
1527750
182645
1755326
3511
1704855
259669
0
3250036
999193
358843
2439479
1466876
640382
68502
686991
1077917
493964
4027042
1114187
1671958
146084
12530
607256
108201
88040
83616
1226205
2117
394586
599817
849658
1516967
35421
1944748
207680
1041505
1603858
687134
1608039
3376618
364206
459496
645423
1761245
224016
1204654
2753920
178938
7327
597858
209560
4373
460641
125309
186769
827715
2264691
1774419
6041
1387728
1177137
1024669
211870
1200217
44959
750936
127132
84625
251774
266036
1749612
855993
3133743
8221
1331047
300587
841664
32220
572199
121669
87776
137727
1231938
2696244
80233
5715
65693
65081
29081
161826
2926567
2312675
3570346
1774484
0
3400775
512294
648015
195946
660953
459833
24271
496957
184002
214923
194028
3294833
1325149
840211
323344
4196897
152728
118999
32334
376980
603904
76689
302187
1054603
31965
252845
49103
2682377
263653
280753
453931
122118
743333
0
146885
294449
92999
1659581
1137293
379593
51222
45659
244299
1461053
947545
27425
673488
757476
4524334
4532299
157726
1620379
147408
1970584
3816560
136410
5711647
1081536
38961
640783
192191
1020262
69398
1724890
5625
1084894
154062
49597
387212
66318
902976
1319210
19195
1911339
44866
12127
52185
23283
125213
568701
239358
2784918
844641
3653845
39923
5277
1288503
703331
805909
228692
560534
26431
487471
556013
108388
104079
1092060
142193
8872
509379
968073
1713914
1549440
733291
2438877
569647
544037
10937
175350
8635
826449
1011506
5368437
227828
3321043
2199693
5150622
719281
803015
36667
933290
734704
264321
0
1938436
0
173461
86532
1925812
869901
225983
117588
1097485
804101
237966
27051
21089
1821101
3496780
234726
923758
3224503
894237
2380642
4545388
938694
54215
152218
616912
386769
1417287
24874
644024
1017447
540309
1728158
92302
1030
1134968
1010389
369621
665050
407464
269135
491350
1419283
1771727
81006
237850
140992
370810
1718367
74563
73741
2317255
389466
54961
730807
435074
673181
392492
29463
37081
41220
1543207
422221
926161
561094
1463084
117949
698885
127825
682366
974765
181852
1460481
1408654
244446
467
220362
118898
4279273
570837
2408105
153035
1187505
182205
992931
1287551
76413
47995
130628
420908
2142251
367698
4031511
1861156
27049
10040
209293
13261
2993
1696284
706375
295422
630458
412769
3373482
80005
546269
901930
202082
19284
1533000
149610
2628161
2204665
6224
2039844
825513
1044842
1656020
192589
192482
2720734
1730573
1492464
2223526
1041512
495940
135447
951019
2106350
1355979
317815
833710
3815612
3392990
2236184
1253298
2484532
54011
128703
653355
1659674
28996
130219
1631460
2846960
1474927
558516
0
3118977
85176
680169
849807
205431
45441
4037422
206152
655643
44763
176226
2131584
290868
650531
2276017
161122
770573
502153
86637
1957928
1849675
905046
1143593
1034048
1220459
2217367
7196
4677
767367
769735
32091
1950595
1240166
1556921
1525
3495173
1283036
709558
669517
396344
62008
393455
2040646
4510610
741834
237870
52120
2643935
1950987
607399
820252
2231903
345952
524261
1751756
2121844
137718
1802416
72172
1351186
225581
3337083
576536
178162
160888
0
93244
233521
42071
3813708
970050
274536
612072
1719823
3433751
428546
702852
689974
2242753
216657
0
4085
2203333
133885
0
188245
371256
286556
650238
1557120
2696794
1152071
2601983
87921
194628
1965217
435427
901794
5008
64058
3587630
418599
2050626
54991
2838122
422083
854477
367210
1929226
695648
642390
2978405
187543
354765
7547
1435468
1325046
5606196
879829
223203
3785082
2274296
889534
1334799
1578435
10766
420740
1110623
1363818
107162
0
397770
264925
154363
2457542
1599540
1040082
1026455
57812
0
165356
1308187
398891
91234
868466
51609
463390
127059
541112
3848357
1142506
28220
846187
1586550
648502
303614
852451
156426
696864
2658983
1054358
66898
1103572
60661
587533
296877
1353856
157746
180286
459374
246101
0
1063138
579081
41280
9025
246302
5341490
183032
84270
648219
1454793
1469063
388177
692973
78540
117316
1626438
398609
37840
39929
1540312
3867858
903340
567399
60289
3870681
4408274
193889
666005
543796
3501879
53012
656491
161544
1121178
1807132
1177526
336451
130005
0
571144
781722
3019611
616162
34924
175300
335871
10808
91322
1680765
13519
3992138
6702
1300356
2833921
183411
159655
878768
0
1824608
636316
389935
2768651
1751968
249324
3830642
8860
776518
33241
90020
160390
644623
406861
231428
102871
306819
969474
80819
150176
96144
1902
764336
1712940
2184446
77723
4234244
578973
317267
303267
328895
1750602
1033279
598823
197463
596904
914412
940229
5880547
411175
214371
433961
105946
192468
2125621
213424
662889
10666
123966
1936379
0
670513
202963
225577
538225
234242
2424340
83972
0
345469
2163592
1754051
709258
158182
2497295
76630
36412
1010877
192030
269714
386768
2775117
2764062
11872
159123
1982585
4827
1628129
3193
1451874
1160862
1001384
869583
1210380
105735
1898772
323883
113233
25207
2604812
11476
140369
385246
648914
134266
963022
226347
1010696
976508
68157
65447
527566
2954750
409656
1893795
137103
66630
934812
833503
291358
1108459
11450
656303
6762
357932
2051502
700924
43040
1868765
910950
77293
16916
578715
807359
12972
49074
1513759
90531
4813238
669731
293264
653099
741614
321516
1288958
952397
2053617
92022
524300
37226
641506
172068
893389
208224
351897
4031877
733623
254268
1785763
3653376
587183
192100
2412216
156069
98753
258768
13875
6265604
938274
1039730
96020
1192359
1385385
2849021
114938
239774
455540
5002632
133368
497915
2546098
1776040
591967
202800
2039
930916
13518
960951
99874
600345
4952426
4591324
950600
17558
907043
243569
486897
544866
3618200
442458
1528526
1543041
9098
0
3354
4785502
173597
645101
1339232
1528871
92531
126199
590038
9805
2306395
1672324
2415812
45762
943340
846947
104631
10799
234884
1375052
147538
356020
140518
3917171
141732
681884
556635
88437
2805361
409352
416994
2206390
1392520
3381574
997822
282
892753
1306558
7872
332681
1450289
111194
247416
595145
458787
84918
258913
3810665
1246141
1602106
2924986
1198791
324310
958000
646847
155524
142916
1723231
1670672
1957143
138
276803
556602
1621048
1993902
2316431
587248
502253
165411
2026
589757
536581
7073
264708
540849
105820
2105552
1192796
448710
146402
194779
2182474
1605216
686661
2750103
695395
38518
670772
24759
363816
145095
466505
452016
12182
1539775
508009
406203
0
462664
993156
469806
1823348
414593
106570
512211
2328198
2763241
130717
90255
2482259
824979
226268
591000
40157
1813762
1577592
4177247
3228844
9510
1999208
266558
1752879
39119
1006870
364569
124034
3549750
667890
1358939
1709432
14419
676543
171989
2448234
2467684
117623
1210758
362318
6392
682907
148170
491629
2160826
1706195
12940
880975
51984
18355
190514
38065
1491497
7346
308258
217660
359802
506641
1378946
966591
1845612
622096
196189
34144
783010
113060
520209
382851
1795
2195359
793449
28098
2282380
303264
3476821
262547
6500
446781
143719
1139379
564308
371415
64874
1129926
100341
6180
1296697
3912565
524866
1013065
566642
478141
1641755
14644
2755183
26948
3322419
1215001
1245754
1268084
154123
197365
2878057
24038
177793
19287
161071
2607515
17085
0
7377
2879216
2381056
269707
732864
2603892
3358201
387623
3847320
41719
1337032
235717
2429331
4441738
1973271
242688
279
266025
260255
56819
330837
535352
365262
54249
12000
895033
217197
2829849
725505
70067
9065
984159
520898
298981
291537
2046329
481894
174574
1238952
2431520
308442
326769
118586
1258950
0
215969
261195
192427
1861057
143027
205530
822077
1127358
952071
3678
3311486
505853
4100908
48955
398218
189640
3551410
1006236
265070
196907
1310263
300262
4150882
39391
629940
884624
2619627
477872
1253120
492612
34291
1601359
953090
1206113
2074424
147453
787411
1526
2109627
363128
127190
1136448
824067
719512
931583
1145582
61288
224417
277985
370001
759631
158310
2358024
991569
4485923
2602055
1461703
111899
355
2915372
424073
781645
131801
283093
530710
448987
235286
1132659
0
139869
47778
699220
445635
1275391
565256
520998
2937990
816803
1560916
119767
1145221
162770
3478
804291
456666
473550
667669
1405200
80938
1613512
3559424
3326
1497590
715939
553981
175179
562660
564750
3680692
576827
296930
10123
691540
371799
539527
22699
3059200
2585691
2061949
4194583
561431
2363561
612745
53284
2719223
2747540
55958
1505158
302004
67572
702904
886431
454793
214638
451661
760930
2226761
809486
533132
160432
113937
2530482
1933332
611640
3779126
143834
1151844
226634
2936885
344325
2303597
50148
50367
653281
98441
3125812
2609973
1289488
419466
1237163
708026
855
2338477
291804
3037946
328296
1859709
1084567
256981
10308
1413097
1545410
9655
1356690
2096434
231767
2686977
271766
94666
535776
94440
1531
2387455
163465
433568
53468
0
1175035
54749
3559397
1336806
2333521
297494
39974
39210
869807
227970
167271
570120
8894
371205
806594
236083
662335
445013
3273374
1628077
3885050
0
443273
791592
1227566
43486
78915
1953505
172002
505320
2594725
345155
123102
696818
144796
762565
1018510
12444
287022
660154
529971
5060123
1263527
217439
90558
366594
686973
40746
44
605326
4323
729686
134997
1594907
1614819
1306824
394159
1712962
329902
1845146
44233
24426
588268
1069068
359567
296679
2863139
149011
1699962
1800848
123510
2394154
107012
166341
560315
81368
208331
0
1619519
1017557
3951878
381202
1136236
441888
3350124
46245
289451
796995
324249
3310
14605
161998
1314489
2684833
64806
476370
0
8534
2153260
107079
203731
27643
2374276
871290
1023984
275034
101230
265783
2534168
103551
967841
563882
512119
3872035
145177
151758
23180
284180
258412
1079046
127567
16063
754494
626915
239627
461635
2567658
25635
490238
123480
60783
1712
208172
1234882
7883
268267
147711
790395
1574765
2351
5062
242784
298534
1090258
34615
1413651
72447
26693
270728
4819889
223901
17453
834969
1605733
1108951
349854
135032
133485
342315
7248
14230
179130
584313
66791
1011902
108973
156456
871244
137339
3017776
483893
203146
40455
1920404
20208
4493993
10018
162937
465581
0
1051101
1336599
149606
1358213
1509533
264495
1846540
638986
59559
179288
2261510
945403
768236
506653
394391
790185
0
26596
3039803
419544
117852
1026632
187361
22708
0
0
532495
1408126
1299329
3152362
25278
154818
4824917
353327
521302
1043090
1039566
1507205
822305
135081
1792687
3088425
429335
2839033
1841884
426536
97212
335707
1239929
404781
1707
612032
294218
22771
2060587
950040
9779
178795
287901
9546
1009319
127832
1746901
241712
89486
120940
716592
92571
85656
118805
12886
677092
3075891
793072
3135692
2087121
811145
976608
2049716
322125
717803
55511
2156417
2924329
306507
1662747
1819320
192418
1339269
604205
711958
250371
834400
145167
3894145
79570
117283
840662
452752
7144
335731
89081
1056143
1686957
1445671
0
466947
2250437
2159990
873745
733761
3331205
19712
1772352
1928980
641795
468738
1149823
2780117
766562
871268
5643
1378465
62759
1199841
160
3850647
2487786
2050910
6126
2951924
0
24136
1012352
0
620656
424317
1693047
536695
1024992
1548186
1984305
2218292
33937
514665
589413
25343
1077307
1236422
30620
2919016
1444097
922348
953079
252095
1301393
22347
24232
1034323
532632
1560134
1343318
1690297
103714
2768
169754
34999
308024
962675
4295301
429422
3212664
1639193
1757740
536274
454410
15979
2113324
2264010
794841
398609
1197342
2441818
19593
222438
256511
73632
259793
1622659
16074
1282514
7745
10167
0
2561870
0
719660
3819420
3256221
1963614
878983
251347
689997
365713
407828
2952848
4072601
236483
2053857
216404
2193106
40771
119332
34564
34786
247561
103700
224157
852325
2103112
516318
4288777
792312
51257
1056457
253017
38316
1295696
838314
710558
1485023
608132
180682
1181917
1534922
61205
1410376
2257789
3042160
17290
131688
2806922
99160
115291
605475
818537
4719001
1551439
170095
30344
67018
186070
210940
2098295
259255
34750
90164
267075
1762998
34419
848661
6618347
1402531
472688
36293
1464790
655073
505099
0
331734
389964
880578
1114374
395951
1293820
893631
174830
2323412
3307093
1228941
28168
2667226
2173754
1934179
1250165
2448093
1137483
408942
1705412
271363
48643
327951
1755373
711041
52697
423252
902729
2179406
1732901
14412
409189
3056263
279847
488724
225471
1958764
3036630
1060498
6892
0
0
373034
267072
129022
1382553
698651
108711
256635
362420
734965
188847
1705045
118047
1243791
870169
2992981
855153
349760
27186
509539
40812
2298726
1424955
362565
955088
1957557
1116363
3236558
1675724
338976
1111751
918251
0
81443
585896
690349
78521
59653
5493354
1424822
1091168
438871
143204
542528
55747
116422
311049
610412
4296582
1011017
1263519
397413
651867
2851757
106885
355261
1054105
170308
0
131282
17723
3832507
581624
4481
58313
2417
115244
2239526
2502096
272357
85704
21908
54158
697554
646120
2438345
556073
81866
453556
232418
80770
1473963
993992
459272
696286
8971
2165377
67830
87707
729514
0
1527523
1661009
438039
327256
640122
1453391
798103
65306
1298420
295619
400254
1011021
174553
342185
680226
1237336
718678
41868
2097046
148917
2998223
560206
1104260
91737
463288
1607336
543742
753384
3633226
1453891
1681855
54142
1986592
1623919
35642
902525
1916848
1376402
1409469
669198
880748
491572
251585
4692181
341215
146950
1868303
4089740
3058281
70995
1149132
149668
35033
26373
90810
508267
1672439
172646
31305
884219
16195
1667
401040
32294
585610
4020571
311037
53888
3220782
313426
332907
1956643
2115095
1493
423178
2027500
149454
1644009
224429
867500
1735561
1798418
50622
133551
18001
1224289
92931
210120
598040
3078959
844805
192351
0
334842
2627590
1224995
476602
214243
77855
926158
2754800
1889282
152639
1054
332086
485462
29952
529152
703134
357211
159024
0
1399509
642543
453836
576026
16666
146489
45152
31766
2201389
3162993
2377328
1880093
33613
1900152
217805
960274
1060129
1082540
323507
183966
400059
65989
159737
39959
1868230
301634
1125886
2246558
1039017
306440
2971
224192
1490451
4016273
309712
150695
300976
451165
854586
1111546
27694
984736
758694
3395938
2425907
124216
1708057
64847
384228
938193
2030532
278843
73667
16883
298932
8366
313756
617699
782693
593478
1879235
2112206
413825
1684567
2985316
63346
576197
503862
2066903
2030319
266028
1002944
112654
17368
180381
628522
309466
154859
578277
0
845934
571007
3935239
15023
4277685
1800535
1418831
21315
85878
1075544
2150229
759645
325076
178574
108634
2008279
1539463
114130
777230
0
123391
1718678
86506
684749
108333
97589
39674
214060
2175917
78726
39152
2150
85079
83681
1921456
0
2935995
137411
1832387
2139971
208164
302324
214454
209745
0
260916
576211
2631767
193181
767383
1130779
58132
216674
1350384
256304
983781
800593
245842
804428
1550592
551632
51035
699847
46198
2157929
597178
211538
4409003
749336
163138
3171562
30068
522117
7319
0
1484763
2520332
377982
2097189
3984451
75114
196816
1051223
345318
649026
1972725
876521
512369
432975
584874
131434
24143
4495
289757
2311226
433709
5680
1615802
735273
2518677
3062912
1580976
109849
249026
2460294
1121603
4758380
739148
105450
2206350
2071570
30382
623608
568652
2069771
223990
515857
630097
84082
63586
0
3035459
2585997
864016
695069
2021305
219181
1649609
491171
3612402
1288873
2552045
1058852
145992
775261
1304348
598103
4990
3049164
1976199
182669
162371
180347
2808275
174234
2478011
25216
358028
42070
835744
100486
374154
50273
4845230
8611
1026821
21276
2614181
27805
135617
535214
743495
2891001
986297
2218584
163532
71623
117183
412323
1354490
168406
1028013
331753
3625797
0
0
63689
30133
635924
628479
136578
95393
1254896
380862
1700356
1162488
275336
1862983
408001
326866
96
3775500
2581695
666418
552027
22837
2035230
140029
14523
725694
0
211649
58349
1564697
340406
1104889
1561571
1134225
446021
2510719
1378563
707113
13015
145100
30630
1271445
1102678
1799699
0
5385047
1617614
472219
663718
4315098
914690
4850285
22117
276333
1147660
1042750
715119
20824
35429
223884
3201517
944113
4610598
2351031
4224191
192371
468746
1631640
3419352
245636
1637358
3946324
428030
753459
1950273
2146017
435171
2815316
1031407
3428747
1149342
124416
963482
364897
2202878
2338426
600802
360008
290925
881524
1374527
2313083
1109488
61362
24595
1738415
87769
2215919
200800
310379
2972946
504855
0
2632546
327490
586026
2948047
2663770
196136
161298
5563999
3334
2917336
718900
456324
2607132
1914255
425358
2418363
649849
0
698564
80232
1185475
154719
620414
578555
1336676
436765
3084733
213230
1380212
434844
1832
100364
22824
3003107
133768
2394029
118198
1488251
373129
971077
1130073
194091
100354
1494082
334153
1430397
1346916
19362
2768
12120
642389
1205441
978721
0
1831405
1144168
1353011
2208354
968821
274398
108607
473787
2878256
1706912
56292
2098477
3532919
22231
233445
984986
619298
179107
853704
645354
3796332
1963966
1420
763391
81597
247717
258126
1968671
6186
26
688799
4761427
483352
491402
970364
185541
549497
2567262
966246
563352
22392
1505779
38221
253584
272411
2087981
867882
2674204
428652
635660
9691
3071587
3516118
940379
273402
435367
388512
276823
1493418
1367872
1112663
569999
1120844
305989
1288577
235083
1547645
549073
1600713
459076
31922
2320694
142898
1478187
299290
234779
520130
2099586
168920
1639296
1903766
57788
413078
2145526
49310
1491778
187794
840793
1876465
888220
1763457
178320
21282
166181
654869
168897
79006
80629
1430901
17547
1017913
562718
1092521
249969
176722
939422
0
2406371
2224318
2680718
730601
2708468
1331198
3233722
541729
143543
2458005
0
1960566
4247616
434365
605434
288879
5341049
230396
1473947
196329
140934
1240172
171781
320865
1740423
17770
180684
257979
1513721
2834092
557416
372841
3119662
44247
2705710
388468
59350
83106
227064
0
453637
917442
1172532
49181
3814433
2248765
54712
1316814
3076382
3299751
2489375
343447
41306
395832
3151076
922552
5673
427639
396379
480145
901984
919334
111668
90924
5877
117560
6336737
839778
27982
471628
1464351
192604
75321
219589
3009614
229033
54980
17254
472048
1948592
1649800
109719
237556
854848
46276
447090
274197
1704101
4604363
1395111
434239
1137948
2664616
197783
654192
725268
315910
90861
1128490
2443478
1004492
3055381
724613
189800
18682
106008
37929
14742
41986
0
468392
3666238
50234
792090
435266
1098335
139345
234092
1174885
1696911
2040870
2157126
3500642
1531639
779328
254939
26702
17947
433062
2216247
998237
2379994
884284
961923
1562944
803604
2990800
165442
76900
333180
43217
142311
251466
489518
15678
619457
172665
1043913
257225
141304
40143
1631858
0
981587
616938
92673
140
28501
0
713950
13392
278369
0
7503
1335882
830460
1556396
618048
152156
1265245
1527324
442167
102208
265129
2474562
11247
34089
234384
1261501
1102670
0
5593
416027
98251
2055659
0
591605
841953
3448579
65568
4154134
841106
117366
1297681
1415762
359380
4516975
519808
79157
200809
220693
82502
455916
228356
87155
520276
613906
69401
1185058
538262
1408971
3441733
328265
850071
185813
47919
0
27035
91209
6116
17297
348460
1014675
88940
43087
3597759
2189
823995
16732
823415
1195256
718736
885198
221855
64784
37787
39973
320709
861924
7081
170175
1113
915578
1112029
204177
1853164
47066
2112482
312020
3616811
912955
268441
148947
344616
4861148
361682
280743
150610
864995
2228255
1259335
1704548
502807
1215897
23658
16064
21877
118035
306959
0
595263
253534
63544
1189944
16824
477019
130459
72588
655667
1059734
153716
134034
96949
434910
1208382
1747687
178995
838771
135055
393374
15734
636165
796795
190562
86812
464235
214542
493450
712247
1146362
300352
2606688
2399781
90476
240681
13063
957404
3923809
1114577
2511960
788438
324623
1114859
2119522
532746
13133
162988
355227
101624
3404756
0
6249314
450952
424566
229261
674792
5608576
1618049
47871
1315995
89526
277942
697608
155823
50559
132966
740880
21036
1163419
2063216
334274
1774495
204263
278854
21580
514132
9327
316641
602629
301378
502785
23057
175243
1167675
20479
1102119
650155
1055919
595098
826172
3012920
23058
4401124
2868309
5564
1425392
1760408
354833
159849
116829
104790
5758
2163606
1316710
909000
484711
965060
2028713
1765051
235162
965958
809940
10724
85675
4341027
191994
277296
1621186
200270
351922
5700775
3264974
823373
825678
1356335
61464
54360
578068
314951
1644624
338049
627630
1800977
875580
138429
880030
68172
1911571
67650
364970
778913
2064379
1793886
1829
56227
1390459
2483351
878992
2953035
402076
217009
1922020
216928
1991135
706760
401506
286460
1092155
3466803
3212664
807737
525731
1276847
2221400
499799
2401734
106314
839644
70564
106469
665623
143835
423188
2696863
710765
162865
88529
809484
3658
121567
50870
206553
4169071
1105975
36689
1077680
2872368
326359
185186
13221
127041
2021521
560521
2305991
25371
458753
128091
1505229
17044
573612
2395944
1908962
560145
256579
729016
768815
499120
124790
714886
2899160
0
26468
2491511
56161
368850
313793
119636
666118
3069922
727287
315004
29023
426776
2488484
11086
43147
353438
3343274
4241
163348
2479958
590895
857909
2190893
145201
837602
981450
962413
64898
278451
71322
136
28946
212235
1032191
1542354
16159
3198891
5400
4107561
1090128
1245675
373988
581758
10858
1167749
2999819
93337
3720638
0
2834740
290880
12563
120552
134724
1144470
1119083
451299
746272
3867568
8304
174269
1441864
64604
4118619
4578558
505477
196793
112365
59606
657360
25068
4120840
573449
1356163
2049850
2954722
325891
531147
1751028
497764
451058
894528
1111777
598916
225950
0
276176
880363
335
1081693
246179
1558994
0
1866690
685267
1204202
825669
1770455
8368
4448139
41317
212912
358586
111327
394354
3210315
434327
49170
14492
2011033
173876
174918
277132
631938
45769
412672
1472885
2088942
392399
415032
38548
1045441
706554
4070798
1787647
0
92433
403980
113020
61332
144867
5228137
1044287
976290
4345811
6928
31697
884013
388206
116353
3540216
2860076
13843
28868
271984
89266
2799896
301782
94685
2125521
1039399
2040646
314541
2698750
70935
239081
430587
1354465
381810
583111
184453
0
2869982
141451
543879
5812
1590227
2409835
193865
1460926
3070101
638951
26650
20196
52695
1580549
43496
159620
563513
212283
717830
456838
263604
185614
303562
1014864
177223
39130
0
3894
136184
223727
2143245
937143
748263
518735
2591617
2137291
362283
171390
183442
541678
339257
485604
3926
3934775
298363
232362
1132257
2345469
29264
5367
2365933
159399
980721
1596065
2128497
69687
707361
102180
45678
28722
553953
0
999754
1795665
652112
32400
221724
132656
2313595
852969
1117521
874530
490188
2068489
359235
79481
175225
627719
383038
417426
2539623
813846
648148
317581
1355726
1182405
1673894
461020
693336
557386
819700
419030
2557444
163383
1606059
48947
3869692
1299350
440251
157666
346419
2528216
29650
492710
414940
225651
764432
76921
2727723
1190421
139308
520150
31512
811631
1492600
356202
368414
65788
27116
134
3019585
1163643
73324
55145
3935920
86112
1806518
66054
406362
307077
3644868
48833
10277
1337183
2446419
1361015
245655
3541015
2362
1418805
1048365
1109641
2785097
165031
2473774
1266837
225062
343748
564442
103126
1738635
77522
1605220
1129676
569062
463804
40373
1413489
170245
904622
7331
0
1695748
124667
93941
1253190
250819
242196
2256081
4751491
2497369
1440066
207775
22725
397349
2567
0
278235
1680612
1106372
967231
3574724
5425888
559478
1867195
249064
3927005
3261683
3924455
2390928
24106
71901
30556
784584
462469
360948
3075398
837914
191267
1382667
24693
89640
4340572
1696169
4142269
1353804
1216322
2361618
139125
85078
1717090
325511
785724
33561
1122024
303763
10158
649289
223402
663610
718501
66688
32111
169204
46624
793611
84158
1949139
479540
17593
993370
1323651
285760
3059192
552605
1116142
1558757
363677
12701
2174651
46982
2607309
3195217
953080
2379186
2375886
4537972
17820
2345828
0
1719949
10786
2972730
204123
1612434
506593
1733671
559364
2382894
733838
1257774
208104
3155301
2303395
16060
1414842
808845
111344
222296
3888384
75728
654793
849579
432802
908354
4743
68302
1313270
271074
83355
3868094
1049433
84889
1678837
88725
2284119
79055
1231231
3858420
149345
79476
1045912
1167899
303428
1536500
219248
2741243
2113856
375348
246103
2014483
830645
1487090
338337
688109
22883
106138
1611519
1647344
80388
922477
376077
79865
558714
0
321396
3719882
1343634
3422381
622329
1745005
818601
266414
1200816
373128
98476
2208425
1541689
34103
82722
554476
2240641
4744737
893837
60792
29079
362920
596363
1021184
220166
394066
32227
422063
696539
728219
542164
96009
162525
3117489
321100
3129474
25817
3367419
2374566
2687033
1482535
1822781
318786
0
340279
612208
1394573
892111
2920483
785893
0
441951
279294
0
188132
1648694
3111873
1027743
474208
143034
463813
4080875
31715
1183787
138561
1096740
190076
179568
3619645
129664
36341
256071
934114
949118
691653
27032
2775372
337829
1714020
102872
395614
0
1545001
1756098
116662
1536502
414826
199729
922525
673150
91251
236529
2183610
355114
16475
1641740
641074
710301
294852
157131
562533
22910
1601457
2575093
1038747
649556
43668
881884
2397752
945147
231124
3426044
1432236
0
167068
156569
139907
1483969
1323379
385805
61212
22970
197927
791107
172125
1744260
12138
430480
1156600
307959
13268
748526
6153
389323
2047425
198682
791467
1844640
2933039
240638
900140
824920
1943723
725083
180708
684340
4493229
586290
4002901
3727260
1540859
2175989
2170175
1643364
684142
1645944
1990980
1363831
481638
1591
978706
1958066
2662749
0
505665
868439
2386798
140081
280145
76961
125843
4536701
47988
177426
787350
42557
11346
2545
4694512
1434899
955160
1478193
634403
3393838
42246
2152
107272
1388781
307251
202334
2737967
1539526
577097
919226
1226070
1137488
720157
178092
759838
2723073
1218066
891899
1118541
793366
983342
553785
3424621
1463119
372551
1984534
306914
18848
525015
35667
191651
1027772
530165
14167
585905
14782
211259
4993068
384637
321156
35708
5207304
1153424
71194
978864
553495
60421
1942377
1684052
2241538
1576584
1098018
20615
4222312
1010860
2804800
608234
1334521
2400822
2295727
412952
433823
1163898
1326936
489591
75595
1908904
578843
1447950
349772
2126641
482421
2316151
750648
1174231
1181597
855990
133903
91379
11503
101340
781187
594229
1263671
270620
630642
1168692
52418
492172
755577
1263108
270909
3971329
163238
3082434
1817694
63088
187174
165087
3697009
149025
50349
1497608
831876
404049
2099886
1055660
99101
363251
710642
3075866
351965
1136684
1360787
1248467
836415
1140421
642725
2236057
431989
156504
1571124
19968
89709
656007
2239883
478944
0
1335292
323885
294645
922394
392645
278248
335488
3567
567694
520100
31098
536064
1097214
612024
2651811
187140
177728
937186
25144
0
488682
206580
1505268
18760
603133
2696
59191
130668
3403918
83405
2600786
1275163
968574
2978751
582019
10104
1402762
504376
57819
159968
94197
117901
453820
399779
426835
1417747
657025
387999
1964078
667379
757774
686603
1137395
199898
36401
1039512
530766
69336
532393
39843
788401
3413344
946381
2290798
1546584
470008
24621
1783626
23817
99411
180781
62377
234356
1069109
134274
0
1223175
179877
474885
338643
1554321
150634
1258008
1531274
147190
942278
2797024
84286
508809
82112
241636
10006
2336584
14173
426837
3044189
15157
931507
5157792
1136603
515092
15275
496834
29430
52764
734850
599147
204447
371929
659787
126568
53320
5670
1443761
1575929
296288
33954
27781
141779
259598
1351538
612187
157362
16419
1195152
2374767
141713
702808
48253
398800
1140419
806797
360384
6961
1830542
693142
167036
784822
539289
1779844
1199440
190615
1700128
197008
438551
3220714
943954
1895740
1357916
3315087
1016082
223282
1752342
1089185
152561
202245
354
291187
41975
142170
32025
629622
4077405
242312
1174152
564675
13375
3690855
27124
195129
520018
9752
3202233
93875
19486
33252
345312
408906
657752
379291
784
354478
3719977
599528
336425
948259
22877
5446
1238516
3094008
821531
17421
459974
2909032
1936110
4023242
4102476
743435
623407
0
30285
1527913
1338709
357943
540413
216727
896086
191295
425479
746789
224838
1132067
94173
764135
4336491
665796
65267
262601
1450855
829294
96164
643796
5449
95570
0
1084336
480656
252
2390772
261824
0
30623
648515
1299922
2210393
1709516
46438
3224333
568677
109329
1884390
71998
702388
1711061
3722380
329029
2267204
149169
1669473
364230
396172
179698
250442
1235764
871714
611914
334737
2311611
967003
3857
581466
775236
3429693
410931
1697998
226066
60407
594130
320834
377275
139478
4433621
146492
115335
37690
171568
1264856
280613
39986
230941
900210
958321
1318891
2066725
391830
258261
569404
247431
1003
446516
571569
135289
1731207
973690
166210
4957669
2006306
341495
1034289
712397
1313859
682577
1362381
1163642
0
726813
3152513
855873
389901
773037
3972603
110408
522535
52052
2411381
3923626
1616216
1520177
1333773
654988
2179274
48802
1073897
622100
826212
603821
3027287
519430
121656
1001283
177681
3634390
92069
295254
2906447
83363
988412
1505983
3832640
2061296
624252
362979
1038075
1842078
3961898
164539
49022
69299
4250095
1063711
220000
215328
423916
238338
691700
627455
774900
904487
2532358
926499
113444
73481
1770606
95814
67899
137333
2039116
21129
1503784
15214
1096425
1188204
0
8773
0
1164356
337571
3266
11580
4429890
231757
0
63608
45851
2596
1457461
193267
0
373067
130029
172138
1011492
351769
441197
64803
3329307
637883
64920
993684
104449
127127
731139
328697
1021402
216754
540866
51400
1961480
549477
3454144
153824
885165
1495003
113083
3874700
38060
1372453
1590286
1886163
4085310
87710
542761
136232
319259
451713
118712
1152605
2609091
2123733
684564
576624
1334278
902131
1356652
61535
2309574
198753
717468
1431879
616659
100175
1762834
42788
1080855
399123
92818
154608
644633
41992
1453323
92009
46116
2111514
0
2866843
2791645
1531773
866554
1827013
965665
25787
211
1775036
1322723
1859071
4783369
1072314
51781
601353
457402
2799547
24857
2315310
774741
971509
429062
327278
3210429
334347
94810
1165814
0
3455830
0
606057
771479
10575
1562693
1822967
876552
435013
443068
2298623
150625
623709
3022378
430941
446338
84040
598433
3418006
1576617
3753752
4328588
1361462
339776
219849
313491
419916
973462
538675
30563
368731
157511
0
226023
691342
2153536
381801
245797
634406
4723509
94601
456490
557542
1782797
3827468
616774
51456
390739
223171
209384
3787771
1364067
537
574420
2275222
67951
72039
2986030
4271059
401651
408377
98123
1778720
1315867
106598
2002568
1481862
774084
311834
14609
184050
5798724
1954968
90923
15498
3328760
1178
1709163
176929
2230478
47366
432830
236817
1784526
295355
748509
578978
4751
47971
169722
172499
156130
762779
340647
2570808
933379
333705
21548
0
35846
948679
858218
1332655
2435808
4704
257201
1216488
315668
1035761
333153
0
144086
3600562
8589
5974
43254
681770
30228
1997738
44772
4077173
127727
123550
847275
203840
1314902
3086003
109973
628455
9830
1815738
384207
753685
378245
599093
668465
0
2523311
3570141
100176
127312
37161
656146
1369
326949
0
217728
953016
113372
433241
473383
2214627
100979
5078
3736477
726065
1797662
200537
33600
2884469
888322
1840344
411835
641
1170341
598162
727782
253765
3151058
307787
544748
0
2552685
1282976
2134594
280231
1126407
0
817741
556871
999265
182465
120910
1857432
355822
1721789
771993
1073556
912796
884
44353
302607
63274
210834
253078
25073
1988
959089
206171
567760
2205757
1763159
2541647
175674
4347672
905468
836529
3359280
229669
1005732
345337
499480
928891
2754454
601186
395734
718072
618157
353535
13845
14421
653841
2095523
1252642
261583
1014452
873993
1067209
48203
165973
113276
2066336
6829
988748
1039553
282719
413856
207582
1126252
63283
579702
787067
2322223
432172
96825
0
194912
861544
625337
2124370
1717331
793643
231439
331253
1261650
983868
2024702
1055278
168268
3321992
1338008
2669519
2357
491075
487826
703249
707254
121217
1125979
2209038
648009
349625
1403774
1457889
4474820
1581678
868351
687299
0
487751
966866
1356261
182373
1603857
561226
611779
333483
2264857
12339
189061
63533
47256
695487
5313487
220562
49442
467116
1218213
2027961
974006
583198
1016563
54584
133087
2334
178889
1857450
133639
782633
1233819
134454
64446
1651094
1323711
219479
56294
177203
89857
993152
876709
1178098
456882
703364
688164
75751
719797
1357183
2933367
18058
2663320
0
1262357
553421
1157757
424614
1387399
1055808
707085
72691
572
1338491
130062
9684
3647709
438384
11416
148459
288045
11373
2746368
1390142
2100358
1470353
141290
83866
290117
261670
2141606
1535542
622536
0
3929111
1676169
267162
32648
1056537
818
1597887
240289
205497
3383588
1485049
1344556
922496
557656
372601
2505807
2924636
895642
3591818
300580
53391
36046
2556967
139750
8556
2014123
41561
147709
474573
1521706
127701
447791
2019836
3377228
2348379
142207
118855
1382857
17306
191692
3632069
644616
463960
3025423
1913078
2360235
20741
323528
2062180
2226904
3512313
17589
395140
318380
665628
60288
2888059
1048841
1212559
3713
2903634
1050651
1199063
385289
298066
248199
69626
2767
95464
1048634
227839
2096
120402
450774
2605925
260516
719990
1548538
1297179
2746069
1460758
128488
101906
939087
235782
351964
938166
592109
429830
3209450
0
688729
110794
140448
1702968
8420
301985
3627347
184280
186620
9545
2729883
3028
20361
1189644
3463807
5388
0
792687
119709
2482498
1162160
3576021
1392328
116237
5021654
151720
2700398
4516
542445
168559
1066520
1671390
10390
181162
2618129
1464065
311876
1077157
261005
100979
151308
3247124
0
145718
705162
343344
1125813
1670330
5008494
1513997
709532
109413
9235
470973
881625
1399849
665075
1735995
144037
180613
931401
391819
152718
639132
892143
130877
209918
181885
3993631
1929618
48954
3033010
436499
21323
122526
4604099
125356
10652
1082564
435118
19230
9153
2035733
8963
2571193
518786
3875537
42691
962739
431431
2680193
1860820
838703
130218
387746
893466
4597133
673339
1047211
4010380
189775
31466
19
2371699
824400
1843005
2492414
27672
3027
1520945
614276
893080
3376300
1207
876193
0
180075
1365988
1800856
550593
1320925
815705
711695
83163
823748
50763
1522566
697124
863581
2199340
808384
876782
536286
366220
61732
5044858
1331967
649482
960709
586909
1062376
214384
296475
2510754
